<?xml version="1.0" encoding="UTF-8"?>
<!-- Generated by org.testng.reporters.JUnitXMLReporter -->
<testsuite ignored="0" hostname="DESKTOP-P0FATQV" failures="1" tests="1" name="Default test(failed)" time="11.239" errors="0" timestamp="2024-08-25T11:20:45 IST">
  <testcase classname="testngdemo.SoftAssertion" name="failed" time="11.138">
    <failure type="java.lang.AssertionError" message="expected [rgb(34, 142, 2333) none repeat scroll 0% 0% / auto padding-box border-box] but found [rgb(34, 142, 233) none repeat scroll 0% 0% / auto padding-box border-box]">
      <![CDATA[java.lang.AssertionError: expected [rgb(34, 142, 2333) none repeat scroll 0% 0% / auto padding-box border-box] but found [rgb(34, 142, 233) none repeat scroll 0% 0% / auto padding-box border-box]
at testngdemo.SoftAssertion.failed(SoftAssertion.java:19)
at java.base/java.util.ArrayList.forEach(ArrayList.java:1511)
... Removed 33 stack frames]]>
    </failure>
  </testcase> <!-- failed -->
</testsuite> <!-- Default test(failed) -->
